<?xml version="1.0" encoding="UTF-8"?>
<!-- Generated by org.testng.reporters.JUnitXMLReporter -->
<testsuite ignored="0" hostname="DESKTOP-EG6P0UN" failures="0" tests="6" name="com.howtodoinjava.test" time="0.064" errors="0" timestamp="2019-11-18T12:00:53 EST">
  <testcase classname="com.howtodoinjava.test.MyFirstTest" name="f" time="0.006"/>
  <testcase classname="com.howtodoinjava.test.MyFourthTest" name="m1" time="0.002"/>
  <testcase classname="com.howtodoinjava.test.MyFourthTest" name="m2" time="0.002"/>
  <testcase classname="com.howtodoinjava.test.MyFourthTest" name="m3" time="0.002"/>
  <testcase classname="com.howtodoinjava.test.MySecondTest" name="f" time="0.003"/>
  <testcase classname="com.howtodoinjava.test.MyThirdTest" name="f" time="0.002"/>
</testsuite> <!-- com.howtodoinjava.test -->
