<?xml version="1.0" encoding="UTF-8"?>
<!-- Generated by org.testng.reporters.JUnitXMLReporter -->
<testsuite ignored="0" hostname="DESKTOP-EG6P0UN" failures="0" tests="3" name="Default test" time="19.376" errors="0" timestamp="2019-12-04T14:29:06 EST">
  <testcase classname="com.crm.LoginPageTest" name="loginPageTitleTest" time="0.021"/>
  <testcase classname="com.crm.LoginPageTest" name="logoImageTest" time="0.071"/>
  <testcase classname="com.crm.LoginPageTest" name="loginTest" time="1.713"/>
</testsuite> <!-- Default test -->
