<?xml version="1.0" encoding="UTF-8"?>
<testng-results ignored="0" total="3" passed="3" failed="0" skipped="0">
  <reporter-output>
  </reporter-output>
  <suite started-at="2019-12-04T14:28:46 EST" name="Default suite" finished-at="2019-12-04T14:29:06 EST" duration-ms="19376">
    <groups>
    </groups>
    <test started-at="2019-12-04T14:28:46 EST" name="Default test" finished-at="2019-12-04T14:29:06 EST" duration-ms="19376">
      <class name="com.crm.LoginPageTest">
        <test-method is-config="true" signature="setup()[pri:0, instance:com.crm.LoginPageTest@184cf7cf]" started-at="2019-12-04T14:28:46 EST" name="setup" finished-at="2019-12-04T14:28:52 EST" duration-ms="5890" status="PASS">
          <reporter-output>
          </reporter-output>
        </test-method> <!-- setup -->
        <test-method signature="loginPageTitleTest()[pri:1, instance:com.crm.LoginPageTest@184cf7cf]" started-at="2019-12-04T14:28:52 EST" name="loginPageTitleTest" finished-at="2019-12-04T14:28:52 EST" duration-ms="21" status="PASS">
          <reporter-output>
          </reporter-output>
        </test-method> <!-- loginPageTitleTest -->
        <test-method is-config="true" signature="tearDown()[pri:0, instance:com.crm.LoginPageTest@184cf7cf]" started-at="2019-12-04T14:28:52 EST" name="tearDown" finished-at="2019-12-04T14:28:53 EST" duration-ms="683" status="PASS">
          <reporter-output>
          </reporter-output>
        </test-method> <!-- tearDown -->
        <test-method is-config="true" signature="setup()[pri:0, instance:com.crm.LoginPageTest@184cf7cf]" started-at="2019-12-04T14:28:53 EST" name="setup" finished-at="2019-12-04T14:28:58 EST" duration-ms="4675" status="PASS">
          <reporter-output>
          </reporter-output>
        </test-method> <!-- setup -->
        <test-method signature="logoImageTest()[pri:2, instance:com.crm.LoginPageTest@184cf7cf]" started-at="2019-12-04T14:28:58 EST" name="logoImageTest" finished-at="2019-12-04T14:28:58 EST" duration-ms="71" status="PASS">
          <reporter-output>
          </reporter-output>
        </test-method> <!-- logoImageTest -->
        <test-method is-config="true" signature="tearDown()[pri:0, instance:com.crm.LoginPageTest@184cf7cf]" started-at="2019-12-04T14:28:58 EST" name="tearDown" finished-at="2019-12-04T14:28:58 EST" duration-ms="646" status="PASS">
          <reporter-output>
          </reporter-output>
        </test-method> <!-- tearDown -->
        <test-method is-config="true" signature="setup()[pri:0, instance:com.crm.LoginPageTest@184cf7cf]" started-at="2019-12-04T14:28:58 EST" name="setup" finished-at="2019-12-04T14:29:03 EST" duration-ms="4961" status="PASS">
          <reporter-output>
          </reporter-output>
        </test-method> <!-- setup -->
        <test-method signature="loginTest()[pri:3, instance:com.crm.LoginPageTest@184cf7cf]" started-at="2019-12-04T14:29:03 EST" name="loginTest" finished-at="2019-12-04T14:29:05 EST" duration-ms="1713" status="PASS">
          <reporter-output>
          </reporter-output>
        </test-method> <!-- loginTest -->
        <test-method is-config="true" signature="tearDown()[pri:0, instance:com.crm.LoginPageTest@184cf7cf]" started-at="2019-12-04T14:29:05 EST" name="tearDown" finished-at="2019-12-04T14:29:06 EST" duration-ms="655" status="PASS">
          <reporter-output>
          </reporter-output>
        </test-method> <!-- tearDown -->
      </class> <!-- com.crm.LoginPageTest -->
    </test> <!-- Default test -->
  </suite> <!-- Default suite -->
</testng-results>
