<?xml version="1.0" encoding="UTF-8"?>
<!-- Generated by org.testng.reporters.JUnitXMLReporter -->
<testsuite ignored="0" hostname="DESKTOP-EG6P0UN" failures="1" tests="2" name="LoginTest" time="0.066" errors="0" timestamp="2019-11-18T13:22:55 EST">
  <testcase classname="com.howtodoinjava.listeners.LoginTest" name="loginByEmail" time="0.014"/>
  <testcase classname="com.howtodoinjava.listeners.LoginTest" name="loginByFacebook" time="0.003">
    <failure type="java.lang.AssertionError" message="expected [Thuy] but found [Hung]">
      <![CDATA[java.lang.AssertionError: expected [Thuy] but found [Hung]
at com.howtodoinjava.listeners.LoginTest.loginByFacebook(LoginTest.java:16)
at java.base/java.util.ArrayList.forEach(ArrayList.java:1540)
... Removed 32 stack frames]]>
    </failure>
  </testcase> <!-- loginByFacebook -->
</testsuite> <!-- LoginTest -->
